<?xml version="1.0" encoding="UTF-8"?>
<robot generator="Robot 3.2.2 (Python 3.9.13 on darwin)" generated="20221011 18:29:54.181" rpa="false">
<suite id="s1" name="Sample" source="/Users/shaikhalid/Documents/BrowserStack/Customer Usecase Repos/robot-browser-library/BDI Website/test/sample.robot">
<test id="s1-t1" name="Test 1">
<kw name="Setup Browserstack" library="BrowserFramework" type="setup">
<kw name="Evaluate" library="BuiltIn">
<doc>Evaluates the given expression in Python and returns the result.</doc>
<arguments>
<arg>urllib.parse.quote( json.dumps(${desiredCapabilities}) )</arg>
</arguments>
<assign>
<var>${BSENCODEDCAPS}</var>
</assign>
<msg timestamp="20221011 18:29:56.518" level="INFO">${BSENCODEDCAPS} = %7B%22os%22%3A%20%22Windows%22%2C%20%22os_version%22%3A%20%2210%22%2C%20%22browser%22%3A%20%22playwright-firefox%22%2C%20%22browserstack.username%22%3A%20%22khalidshaikh_Cc8Pao%22%2C%20%22browserstack...</msg>
<status status="PASS" starttime="20221011 18:29:56.517" endtime="20221011 18:29:56.518"></status>
</kw>
<kw name="Connect To Browser" library="Browser">
<tags>
<tag>BrowserControl</tag>
<tag>Setter</tag>
</tags>
<doc>Connect to a playwright Browser.</doc>
<arguments>
<arg>wss://cdp.browserstack.com/playwright?caps=${BSENCODEDCAPS}</arg>
</arguments>
<msg timestamp="20221011 18:30:05.271" level="INFO">Successfully connected to browser</msg>
<status status="PASS" starttime="20221011 18:29:56.519" endtime="20221011 18:30:05.271"></status>
</kw>
<status status="PASS" starttime="20221011 18:29:56.517" endtime="20221011 18:30:05.271"></status>
</kw>
<kw name="New Page" library="Browser">
<tags>
<tag>BrowserControl</tag>
<tag>Setter</tag>
</tags>
<doc>Open a new Page.</doc>
<msg timestamp="20221011 18:30:07.552" level="INFO">Successfully initialized new page object and opened url: about:blank</msg>
<msg timestamp="20221011 18:30:07.552" level="INFO">No context was open. New context was automatically opened when this page is created.</msg>
<status status="PASS" starttime="20221011 18:30:05.271" endtime="20221011 18:30:07.552"></status>
</kw>
<kw name="Go To" library="Browser">
<tags>
<tag>BrowserControl</tag>
<tag>Setter</tag>
</tags>
<doc>Navigates to the given ``url``.</doc>
<arguments>
<arg>https://playwright.dev</arg>
</arguments>
<msg timestamp="20221011 18:30:10.067" level="INFO">Successfully opened URL https://playwright.dev</msg>
<status status="PASS" starttime="20221011 18:30:07.553" endtime="20221011 18:30:10.067"></status>
</kw>
<kw name="Set Session Name" library="Browser">
<doc>TODO: Add rfdoc string to exposed function to create documentation</doc>
<arguments>
<arg>${test name}</arg>
</arguments>
<msg timestamp="20221011 18:30:10.924" level="INFO">ok</msg>
<status status="PASS" starttime="20221011 18:30:10.067" endtime="20221011 18:30:10.925"></status>
</kw>
<kw name="Set Session Status" library="Browser">
<doc>TODO: Add rfdoc string to exposed function to create documentation</doc>
<arguments>
<arg>passed</arg>
</arguments>
<msg timestamp="20221011 18:30:11.654" level="INFO">ok</msg>
<status status="PASS" starttime="20221011 18:30:10.925" endtime="20221011 18:30:11.657"></status>
</kw>
<kw name="Take Percy Snapshot" library="Browser">
<doc>TODO: Add rfdoc string to exposed function to create documentation</doc>
<arguments>
<arg>Home Page</arg>
</arguments>
<msg timestamp="20221011 18:30:11.665" level="INFO">ok</msg>
<status status="PASS" starttime="20221011 18:30:11.657" endtime="20221011 18:30:11.666"></status>
</kw>
<kw name="End web test" library="BrowserFramework" type="teardown">
<kw name="Close Browser" library="Browser">
<tags>
<tag>BrowserControl</tag>
<tag>Setter</tag>
</tags>
<doc>Closes the current browser.</doc>
<msg timestamp="20221011 18:30:11.722" level="INFO">Closed browser</msg>
<status status="PASS" starttime="20221011 18:30:11.667" endtime="20221011 18:30:11.722"></status>
</kw>
<status status="PASS" starttime="20221011 18:30:11.666" endtime="20221011 18:30:11.722"></status>
</kw>
<status status="PASS" starttime="20221011 18:29:56.512" endtime="20221011 18:30:11.722" critical="yes"></status>
</test>
<doc>website test suite</doc>
<status status="PASS" starttime="20221011 18:29:54.183" endtime="20221011 18:30:11.727"></status>
</suite>
<statistics>
<total>
<stat pass="1" fail="0">Critical Tests</stat>
<stat pass="1" fail="0">All Tests</stat>
</total>
<tag>
</tag>
<suite>
<stat pass="1" fail="0" id="s1" name="Sample">Sample</stat>
</suite>
</statistics>
<errors>
</errors>
</robot>
